2017-06-22 16:42:06,370 [Worker-2] INFO  c.g.t.t.d.PublishedGradleVersions - Gradle version information cache is up-to-date. Trying to read.
2017-06-22 16:54:08,514 [Worker-14] INFO  o.e.m.c.i.p.ProjectConfigurationManager - Collecting project info '/pom.xml' C:\GitJenkinsTest\gitMavenTest\pom.xml
2017-06-22 16:54:11,920 [Worker-14] INFO  o.e.m.c.i.l.LifecycleMappingFactory - Using org.eclipse.m2e.jdt.JarLifecycleMapping lifecycle mapping for MavenProject: com.gitmaventest:gitMavenTest:0.0.1-SNAPSHOT @ C:\GitJenkinsTest\gitMavenTest\pom.xml.
2017-06-22 16:54:12,632 [Worker-14] INFO  o.e.m.j.i.AbstractJavaProjectConfigurator - Adding source folder /gitMavenTest/src/main/java
2017-06-22 16:54:12,642 [Worker-14] INFO  o.e.m.j.i.AbstractJavaProjectConfigurator - Adding source folder /gitMavenTest/src/test/java
2017-06-22 16:54:13,320 [Worker-14] INFO  o.e.m.c.i.p.ProjectConfigurationManager - Imported and configured 1 project(s) in 4 sec
2017-06-22 16:54:14,096 [Worker-5] INFO  o.e.m.c.i.embedder.EclipseLogger - Using 'UTF-8' encoding to copy filtered resources.
2017-06-22 16:54:14,096 [Worker-5] INFO  o.e.m.c.i.embedder.EclipseLogger - skip non existing resourceDirectory C:\GitJenkinsTest\gitMavenTest\src\main\resources
2017-06-22 16:54:14,099 [Worker-5] INFO  o.e.m.c.i.embedder.EclipseLogger - Using 'UTF-8' encoding to copy filtered resources.
2017-06-22 16:54:14,099 [Worker-5] INFO  o.e.m.c.i.embedder.EclipseLogger - skip non existing resourceDirectory C:\GitJenkinsTest\gitMavenTest\src\test\resources
2017-06-22 16:55:31,906 [Worker-0] INFO  o.e.m.c.i.embedder.EclipseLogger - Using 'UTF-8' encoding to copy filtered resources.
2017-06-22 16:55:31,907 [Worker-0] INFO  o.e.m.c.i.embedder.EclipseLogger - skip non existing resourceDirectory C:\GitJenkinsTest\gitMavenTest\src\main\resources
2017-06-22 16:55:31,909 [Worker-0] INFO  o.e.m.c.i.embedder.EclipseLogger - Using 'UTF-8' encoding to copy filtered resources.
2017-06-22 16:55:31,909 [Worker-0] INFO  o.e.m.c.i.embedder.EclipseLogger - skip non existing resourceDirectory C:\GitJenkinsTest\gitMavenTest\src\test\resources
2017-06-22 16:55:58,141 [Worker-14] INFO  o.e.m.c.i.embedder.EclipseLogger - Using 'UTF-8' encoding to copy filtered resources.
2017-06-22 16:55:58,142 [Worker-14] INFO  o.e.m.c.i.embedder.EclipseLogger - skip non existing resourceDirectory C:\GitJenkinsTest\gitMavenTest\src\main\resources
2017-06-22 16:55:58,147 [Worker-14] INFO  o.e.m.c.i.embedder.EclipseLogger - Using 'UTF-8' encoding to copy filtered resources.
2017-06-22 16:55:58,147 [Worker-14] INFO  o.e.m.c.i.embedder.EclipseLogger - skip non existing resourceDirectory C:\GitJenkinsTest\gitMavenTest\src\test\resources
2017-06-22 17:30:38,100 [Worker-3] INFO  c.g.t.t.d.PublishedGradleVersions - Gradle version information cache is up-to-date. Trying to read.
2017-06-22 17:30:47,189 [Worker-2] INFO  o.e.m.c.i.l.LifecycleMappingFactory - Using org.eclipse.m2e.jdt.JarLifecycleMapping lifecycle mapping for MavenProject: com.gitmaventest:gitMavenTest:0.0.1-SNAPSHOT @ C:\GitJenkinsTest\gitMavenTest\pom.xml.
2017-06-22 17:30:47,189 [Worker-12] INFO  o.e.m.c.i.l.LifecycleMappingFactory - Using org.eclipse.m2e.jdt.JarLifecycleMapping lifecycle mapping for MavenProject: com.gitmaventest:gitMavenTest:0.0.1-SNAPSHOT @ C:\GitJenkinsTest\gitMavenTest\pom.xml.
2017-06-22 17:30:48,224 [Worker-12] INFO  o.e.m.c.i.embedder.EclipseLogger - Using 'UTF-8' encoding to copy filtered resources.
2017-06-22 17:30:48,225 [Worker-12] INFO  o.e.m.c.i.embedder.EclipseLogger - skip non existing resourceDirectory C:\GitJenkinsTest\gitMavenTest\src\main\resources
2017-06-22 17:30:48,228 [Worker-12] INFO  o.e.m.c.i.embedder.EclipseLogger - Using 'UTF-8' encoding to copy filtered resources.
2017-06-22 17:30:48,228 [Worker-12] INFO  o.e.m.c.i.embedder.EclipseLogger - skip non existing resourceDirectory C:\GitJenkinsTest\gitMavenTest\src\test\resources
2017-06-22 17:30:49,913 [Worker-70] INFO  o.e.m.c.i.l.LifecycleMappingFactory - Using org.eclipse.m2e.jdt.JarLifecycleMapping lifecycle mapping for MavenProject: com.gitmaventest:gitMavenTest:0.0.1-SNAPSHOT @ C:\GitJenkinsTest\gitMavenTest\pom.xml.
2017-06-22 17:30:50,481 [Worker-53] INFO  o.e.m.c.i.embedder.EclipseLogger - Using 'UTF-8' encoding to copy filtered resources.
2017-06-22 17:30:50,482 [Worker-53] INFO  o.e.m.c.i.embedder.EclipseLogger - skip non existing resourceDirectory C:\GitJenkinsTest\gitMavenTest\src\main\resources
2017-06-22 17:30:50,483 [Worker-53] INFO  o.e.m.c.i.embedder.EclipseLogger - Using 'UTF-8' encoding to copy filtered resources.
2017-06-22 17:30:50,484 [Worker-53] INFO  o.e.m.c.i.embedder.EclipseLogger - skip non existing resourceDirectory C:\GitJenkinsTest\gitMavenTest\src\test\resources
